<?xml version="1.0" encoding="UTF-8"?>
<!-- Generated by org.testng.reporters.JUnitReportReporter -->
<testsuite skipped="0" hostname="LAPTOP-QC3HM38T" name="com.nopcommerce.testCases.TC_SearchCustomerByName_005" tests="1" failures="0" timestamp="29 Jun 2020 23:40:07 GMT" time="19.037" errors="0">
  <testcase name="searchCustomerbyName" time="19.037" classname="com.nopcommerce.testCases.TC_SearchCustomerByName_005"/>
</testsuite> <!-- com.nopcommerce.testCases.TC_SearchCustomerByName_005 -->
