<?xml version="1.0" encoding="UTF-8"?>
<!-- Generated by org.testng.reporters.JUnitReportReporter -->
<testsuite skipped="0" hostname="LAPTOP-QC3HM38T" name="com.nopcommerce.testCases.TC_LoginDDT_002" tests="4" failures="0" timestamp="29 Jun 2020 22:57:50 GMT" time="36.002" errors="0">
  <testcase name="loginTest" time="6.912" classname="com.nopcommerce.testCases.TC_LoginDDT_002"/>
  <testcase name="loginTest" time="6.964" classname="com.nopcommerce.testCases.TC_LoginDDT_002"/>
  <testcase name="loginTest" time="6.846" classname="com.nopcommerce.testCases.TC_LoginDDT_002"/>
  <testcase name="loginTest" time="15.280" classname="com.nopcommerce.testCases.TC_LoginDDT_002"/>
</testsuite> <!-- com.nopcommerce.testCases.TC_LoginDDT_002 -->
