<?xml version="1.0" encoding="UTF-8"?>
<!-- Generated by org.testng.reporters.JUnitReportReporter -->
<testsuite skipped="0" hostname="LAPTOP-QC3HM38T" name="com.nopcommerce.testCases.TC_LoginTest_001" tests="1" failures="0" timestamp="2020-06-30T19:38:46 CDT" time="3.985" errors="0">
  <testcase name="loginTest" time="3.985" classname="com.nopcommerce.testCases.TC_LoginTest_001"/>
  <system-out/>
</testsuite> <!-- com.nopcommerce.testCases.TC_LoginTest_001 -->
